<?xml version="1.0" encoding="UTF-8"?>
<!-- Generated by org.testng.reporters.JUnitReportReporter -->
<testsuite hostname="Kalpana" failures="0" tests="1" name="week5.day1.DeleteLead" time="23.271" errors="0" timestamp="2022-11-01T17:57:45 IST" skipped="0">
  <testcase classname="week5.day1.DeleteLead" name="runDeleteLead" time="23.271"/>
  <system-out/>
</testsuite> <!-- week5.day1.DeleteLead -->
