<?xml version="1.0" encoding="UTF-8"?>
<!-- Generated by org.testng.reporters.JUnitReportReporter -->
<testsuite hostname="Kalpana" failures="0" tests="1" name="week5.day1.CreateLead" time="32.819" errors="0" timestamp="2022-10-29T14:27:17 IST" skipped="0">
  <testcase classname="week5.day1.CreateLead" name="runCreateLead" time="32.819"/>
  <system-out/>
</testsuite> <!-- week5.day1.CreateLead -->
